2018-05-18 11:16:46,583 [main] INFO  com.asiainfo.ServiceApplication 597 - The following profiles are active: test
2018-05-18 11:18:25,470 [main] INFO  com.asiainfo.ServiceApplication 597 - The following profiles are active: test
2018-05-18 11:20:25,010 [main] INFO  com.asiainfo.ServiceApplication 597 - The following profiles are active: test
2018-05-18 11:20:42,338 [main] INFO  com.asiainfo.ServiceApplication 597 - The following profiles are active: test
2018-05-18 11:20:42,550 [main] INFO  com.asiainfo.ServiceApplication 57 - Started ServiceApplication in 2.146 seconds (JVM running for 39.963)
2018-05-18 11:20:54,581 [main] INFO  com.asiainfo.ServiceApplication 57 - Started ServiceApplication in 49.318 seconds (JVM running for 51.994)
2018-05-18 14:12:31,837 [main] INFO  com.asiainfo.ServiceApplication 597 - The following profiles are active: test
2018-05-18 14:12:53,728 [main] INFO  com.asiainfo.ServiceApplication 597 - The following profiles are active: test
2018-05-18 14:12:53,959 [main] INFO  com.asiainfo.ServiceApplication 57 - Started ServiceApplication in 2.318 seconds (JVM running for 60.999)
2018-05-18 14:13:06,680 [main] INFO  com.asiainfo.ServiceApplication 57 - Started ServiceApplication in 69.705 seconds (JVM running for 73.721)
2018-05-18 14:49:03,346 [main] INFO  com.asiainfo.ServiceApplication 597 - The following profiles are active: test
2018-05-18 14:49:22,330 [main] INFO  com.asiainfo.ServiceApplication 597 - The following profiles are active: test
2018-05-18 14:49:22,521 [main] INFO  com.asiainfo.ServiceApplication 57 - Started ServiceApplication in 2.176 seconds (JVM running for 37.257)
2018-05-18 14:49:36,332 [main] INFO  com.asiainfo.ServiceApplication 57 - Started ServiceApplication in 48.289 seconds (JVM running for 51.069)
2018-05-18 15:11:40,401 [main] INFO  com.asiainfo.ServiceApplication 597 - The following profiles are active: test
2018-05-18 15:11:58,777 [main] INFO  com.asiainfo.ServiceApplication 597 - The following profiles are active: test
2018-05-18 15:11:58,992 [main] INFO  com.asiainfo.ServiceApplication 57 - Started ServiceApplication in 2.296 seconds (JVM running for 32.709)
2018-05-18 15:12:10,528 [main] INFO  com.asiainfo.ServiceApplication 57 - Started ServiceApplication in 40.873 seconds (JVM running for 44.245)
2018-05-18 15:17:47,413 [main] INFO  com.asiainfo.ServiceApplication 597 - The following profiles are active: test
2018-05-18 15:18:06,933 [main] INFO  com.asiainfo.ServiceApplication 597 - The following profiles are active: test
2018-05-18 15:18:07,141 [main] INFO  com.asiainfo.ServiceApplication 57 - Started ServiceApplication in 2.256 seconds (JVM running for 34.281)
2018-05-18 15:18:18,758 [main] INFO  com.asiainfo.ServiceApplication 57 - Started ServiceApplication in 43.431 seconds (JVM running for 45.898)
2018-05-18 15:29:05,336 [main] INFO  com.asiainfo.ServiceApplication 597 - The following profiles are active: test
2018-05-18 15:29:39,564 [main] INFO  com.asiainfo.ServiceApplication 597 - The following profiles are active: test
2018-05-18 15:29:39,834 [main] INFO  com.asiainfo.ServiceApplication 57 - Started ServiceApplication in 2.394 seconds (JVM running for 48.299)
2018-05-18 15:29:51,531 [main] INFO  com.asiainfo.ServiceApplication 57 - Started ServiceApplication in 56.96 seconds (JVM running for 59.996)
2018-05-18 15:49:13,813 [main] INFO  com.asiainfo.ServiceApplication 597 - The following profiles are active: test
2018-05-18 15:49:36,999 [main] INFO  com.asiainfo.config.busi.ApolloMDA 27 - updating batch, old value: 0, new value: 100
2018-05-18 15:49:50,779 [main] INFO  com.asiainfo.ServiceApplication 597 - The following profiles are active: test
2018-05-18 15:49:51,052 [main] INFO  com.asiainfo.ServiceApplication 57 - Started ServiceApplication in 2.315 seconds (JVM running for 53.97)
2018-05-18 15:50:03,123 [main] INFO  com.asiainfo.ServiceApplication 57 - Started ServiceApplication in 61.209 seconds (JVM running for 66.04)
2018-05-18 15:57:37,741 [main] INFO  com.asiainfo.ServiceApplication 597 - The following profiles are active: test
2018-05-18 15:58:00,400 [main] INFO  com.asiainfo.config.busi.ApolloMDA 27 - updating batch, old value: 0, new value: 100
2018-05-18 15:58:06,720 [main] INFO  com.asiainfo.config.busi.ApolloMDA 27 - updating batch, old value: 0, new value: 100
2018-05-18 15:58:14,165 [main] INFO  com.asiainfo.ServiceApplication 597 - The following profiles are active: test
2018-05-18 15:58:14,406 [main] INFO  com.asiainfo.ServiceApplication 57 - Started ServiceApplication in 2.308 seconds (JVM running for 52.451)
2018-05-18 15:58:27,281 [main] INFO  com.asiainfo.ServiceApplication 57 - Started ServiceApplication in 62.215 seconds (JVM running for 65.327)
2018-05-18 16:06:17,194 [main] INFO  com.asiainfo.ServiceApplication 597 - The following profiles are active: test
2018-05-18 16:06:45,696 [main] INFO  com.asiainfo.config.busi.ApolloMDA 38 - updating batch, old value: null, new value: jobs
2018-05-18 16:06:49,569 [main] INFO  com.asiainfo.config.busi.ApolloMDA 27 - updating batch, old value: 0, new value: 100
2018-05-18 16:06:59,316 [main] INFO  com.asiainfo.config.busi.ApolloMDA 38 - updating batch, old value: null, new value: jobs
2018-05-18 16:07:05,635 [main] INFO  com.asiainfo.config.busi.ApolloMDA 27 - updating batch, old value: 0, new value: 100
2018-05-18 16:07:12,373 [main] INFO  com.asiainfo.ServiceApplication 597 - The following profiles are active: test
2018-05-18 16:07:12,598 [main] INFO  com.asiainfo.ServiceApplication 57 - Started ServiceApplication in 2.165 seconds (JVM running for 70.048)
2018-05-18 16:07:24,670 [main] INFO  com.asiainfo.ServiceApplication 57 - Started ServiceApplication in 79.376 seconds (JVM running for 82.12)
2018-05-18 16:08:41,675 [main] INFO  com.asiainfo.ServiceApplication 597 - The following profiles are active: test
2018-05-18 16:08:58,175 [main] INFO  com.asiainfo.config.busi.ApolloMDA 38 - updating batch, old value: null, new value: LBJ11
2018-05-18 16:08:58,177 [main] INFO  com.asiainfo.config.busi.ApolloMDA 27 - updating batch, old value: 0, new value: 100
2018-05-18 16:09:03,912 [main] INFO  com.asiainfo.config.busi.ApolloMDA 38 - updating batch, old value: null, new value: LBJ11
2018-05-18 16:09:03,912 [main] INFO  com.asiainfo.config.busi.ApolloMDA 27 - updating batch, old value: 0, new value: 100
2018-05-18 16:09:09,385 [main] INFO  com.asiainfo.ServiceApplication 597 - The following profiles are active: test
2018-05-18 16:09:09,564 [main] INFO  com.asiainfo.ServiceApplication 57 - Started ServiceApplication in 2.186 seconds (JVM running for 42.399)
2018-05-18 16:09:21,249 [main] INFO  com.asiainfo.ServiceApplication 57 - Started ServiceApplication in 51.008 seconds (JVM running for 54.083)
2018-05-18 16:10:07,520 [Apollo-Config-1] INFO  com.asiainfo.config.busi.ApolloMDA 38 - updating batch, old value: LBJ11, new value: LBJ
2018-05-18 16:10:07,523 [Apollo-Config-1] INFO  com.asiainfo.config.busi.ApolloMDA 38 - updating batch, old value: LBJ11, new value: LBJ
2018-05-18 16:11:43,179 [main] INFO  com.asiainfo.ServiceApplication 597 - The following profiles are active: test
2018-05-18 16:12:14,820 [main] INFO  com.asiainfo.ServiceApplication 597 - The following profiles are active: test
2018-05-18 16:12:15,245 [main] INFO  com.asiainfo.ServiceApplication 57 - Started ServiceApplication in 2.518 seconds (JVM running for 45.12)
2018-05-18 16:12:26,950 [main] INFO  com.asiainfo.ServiceApplication 57 - Started ServiceApplication in 54.141 seconds (JVM running for 56.825)
2018-05-18 16:20:06,726 [main] INFO  com.asiainfo.ServiceApplication 597 - The following profiles are active: test
2018-05-18 16:20:33,680 [main] INFO  com.asiainfo.ServiceApplication 597 - The following profiles are active: test
2018-05-18 16:20:33,904 [main] INFO  com.asiainfo.ServiceApplication 57 - Started ServiceApplication in 2.206 seconds (JVM running for 39.681)
2018-05-18 16:20:45,508 [main] INFO  com.asiainfo.ServiceApplication 57 - Started ServiceApplication in 48.47 seconds (JVM running for 51.285)
